
> handshake-design-components-test@0.0.0 build-storybook
> nx build-storybook "--output-dir" "/var/folders/38/ypv__t2s57375ynvbbndd_j80000gn/T/chromatic--13037-sJFT9GttZEuc"


> nx run handshake-design-components:build-storybook --outputDir=/var/folders/38/ypv__t2s57375ynvbbndd_j80000gn/T/chromatic--13037-sJFT9GttZEuc 

>  NX  ui framework: @storybook/react


>  NX  Storybook builder starting ...

info => Cleaning outputDir: /Users/aglaze/projects/handshake-design-components-test/dist/storybook/handshake-design-components
info => Loading presets
info => Compiling manager..
info => Compiling preview..
info => Loading 1 config file in "/Users/aglaze/projects/handshake-design-components-test/apps/handshake-design-components/.storybook"
info => Loading 8 other files in "/Users/aglaze/projects/handshake-design-components-test/apps/handshake-design-components/.storybook"
info => Adding stories defined in "/Users/aglaze/projects/handshake-design-components-test/apps/handshake-design-components/.storybook/main.js"
info => Loading Nrwl React Storybook preset from "@nrwl/react/plugins/storybook"
info => Using default Webpack4 setup
info => Manager built (14 s)
info => Preview built (14 s)
WARN asset size limit: The following asset(s) exceed the recommended size limit (244 KiB).
WARN This can impact web performance.
WARN Assets: 
WARN   vendors~main.3722fd72.iframe.bundle.js (1.84 MiB)
WARN entrypoint size limit: The following entrypoint(s) combined asset size exceeds the recommended limit (244 KiB). This can impact web performance.
WARN Entrypoints:
WARN   main (1.86 MiB)
WARN       runtime~main.cb09932a.iframe.bundle.js
WARN       vendors~main.3722fd72.iframe.bundle.js
WARN       main.6fa57142.iframe.bundle.js
WARN 
info => Output directory: /Users/aglaze/projects/handshake-design-components-test/dist/storybook/handshake-design-components

>  NX  Storybook builder finished ...


>  NX  Storybook files available in dist/storybook/handshake-design-components


———————————————————————————————————————————————

>  NX   SUCCESS  Running target "build-storybook" succeeded



>  NX   CLOUD  See run details at https://nx.app/runs/meQA5vY3D4S

